<?xml version="1.0" encoding="UTF-8"?>
<!-- Generated by org.testng.reporters.JUnitXMLReporter -->
<testsuite hostname="DESKTOP-9GQP42P" name="Test" tests="5" failures="0" timestamp="15 Nov 2020 15:10:13 GMT" time="631.832" errors="0">
  <testcase name="selectAmaronPlan" time="133.372" classname="com.gomechanic.Tests.AddLightAndFitMentsPlanToCartTest"/>
  <testcase name="selectBasicServicePlan" time="51.811" classname="com.gomechanic.Tests.CarServiceDetailsTest"/>
  <testcase name="selectAmaronPlan" time="133.143" classname="com.gomechanic.Tests.AddBatteriesPlanToCartTest"/>
  <testcase name="selectBasicServicePlan" time="125.495" classname="com.gomechanic.Tests.AddPeriodicServicePlantToCartTest"/>
  <testcase name="selectRegularACServicePlan" time="130.02" classname="com.gomechanic.Tests.AddACServicePlanToCartTest"/>
</testsuite> <!-- Test -->
