<?xml version="1.0" encoding="UTF-8"?>
<testng-results ignored="0" total="1" passed="0" failed="1" skipped="0">
  <reporter-output>
  </reporter-output>
  <suite started-at="2021-07-05T23:20:05 IST" name="Default suite" finished-at="2021-07-05T23:20:20 IST" duration-ms="15031">
    <groups>
    </groups>
    <test started-at="2021-07-05T23:20:05 IST" name="Default test" finished-at="2021-07-05T23:20:20 IST" duration-ms="15031">
      <class name="com.gomechanic.Tests.AddACServicePlanToCartTest">
        <test-method is-config="true" signature="beforeSuite()[pri:0, instance:com.gomechanic.Tests.AddACServicePlanToCartTest@fa49800]" started-at="2021-07-05T23:20:00 IST" name="beforeSuite" finished-at="2021-07-05T23:20:05 IST" duration-ms="5244" status="PASS">
          <reporter-output>
          </reporter-output>
        </test-method> <!-- beforeSuite -->
        <test-method is-config="true" signature="beforeEveryTestStarts()[pri:0, instance:com.gomechanic.Tests.AddACServicePlanToCartTest@fa49800]" started-at="2021-07-05T23:20:05 IST" name="beforeEveryTestStarts" finished-at="2021-07-05T23:20:18 IST" duration-ms="12330" status="PASS">
          <reporter-output>
          </reporter-output>
        </test-method> <!-- beforeEveryTestStarts -->
        <test-method signature="selectRegularACServicePlan(java.lang.reflect.Method)[pri:0, instance:com.gomechanic.Tests.AddACServicePlanToCartTest@fa49800]" started-at="2021-07-05T23:20:18 IST" name="selectRegularACServicePlan" description="Validate user is able to select &#039;Regular AC Service&#039; from &#039;AC Services&#039;" finished-at="2021-07-05T23:20:18 IST" duration-ms="14" status="FAIL">
          <params>
            <param index="0">
              <value>
                <![CDATA[public void com.gomechanic.Tests.AddACServicePlanToCartTest.selectRegularACServicePlan(java.lang.reflect.Method) throws java.lang.InterruptedException]]>
              </value>
            </param>
          </params>
          <exception class="java.lang.NullPointerException">
            <message>
              <![CDATA[Cannot invoke "org.apache.poi.xssf.usermodel.XSSFWorkbook.getSheet(String)" because "this.wb" is null]]>
            </message>
            <full-stacktrace>
              <![CDATA[java.lang.NullPointerException: Cannot invoke "org.apache.poi.xssf.usermodel.XSSFWorkbook.getSheet(String)" because "this.wb" is null
at com.gomechanic.utils.ExcelHandler.readData(ExcelHandler.java:38)
at com.gomechanic.Tests.AddACServicePlanToCartTest.selectRegularACServicePlan(AddACServicePlanToCartTest.java:24)
at java.base/jdk.internal.reflect.NativeMethodAccessorImpl.invoke0(Native Method)
at java.base/jdk.internal.reflect.NativeMethodAccessorImpl.invoke(NativeMethodAccessorImpl.java:64)
at java.base/jdk.internal.reflect.DelegatingMethodAccessorImpl.invoke(DelegatingMethodAccessorImpl.java:43)
at java.base/java.lang.reflect.Method.invoke(Method.java:564)
at org.testng.internal.MethodInvocationHelper.invokeMethod(MethodInvocationHelper.java:133)
at org.testng.internal.TestInvoker.invokeMethod(TestInvoker.java:598)
at org.testng.internal.TestInvoker.invokeTestMethod(TestInvoker.java:173)
at org.testng.internal.MethodRunner.runInSequence(MethodRunner.java:46)
at org.testng.internal.TestInvoker$MethodInvocationAgent.invoke(TestInvoker.java:824)
at org.testng.internal.TestInvoker.invokeTestMethods(TestInvoker.java:146)
at org.testng.internal.TestMethodWorker.invokeTestMethods(TestMethodWorker.java:146)
at org.testng.internal.TestMethodWorker.run(TestMethodWorker.java:128)
at java.base/java.util.ArrayList.forEach(ArrayList.java:1511)
at org.testng.TestRunner.privateRun(TestRunner.java:794)
at org.testng.TestRunner.run(TestRunner.java:596)
at org.testng.SuiteRunner.runTest(SuiteRunner.java:377)
at org.testng.SuiteRunner.runSequentially(SuiteRunner.java:371)
at org.testng.SuiteRunner.privateRun(SuiteRunner.java:332)
at org.testng.SuiteRunner.run(SuiteRunner.java:276)
at org.testng.SuiteRunnerWorker.runSuite(SuiteRunnerWorker.java:53)
at org.testng.SuiteRunnerWorker.run(SuiteRunnerWorker.java:96)
at org.testng.TestNG.runSuitesSequentially(TestNG.java:1212)
at org.testng.TestNG.runSuitesLocally(TestNG.java:1134)
at org.testng.TestNG.runSuites(TestNG.java:1063)
at org.testng.TestNG.run(TestNG.java:1031)
at org.testng.remote.AbstractRemoteTestNG.run(AbstractRemoteTestNG.java:115)
at org.testng.remote.RemoteTestNG.initAndRun(RemoteTestNG.java:251)
at org.testng.remote.RemoteTestNG.main(RemoteTestNG.java:77)
]]>
            </full-stacktrace>
          </exception> <!-- java.lang.NullPointerException -->
          <reporter-output>
          </reporter-output>
        </test-method> <!-- selectRegularACServicePlan -->
        <test-method is-config="true" signature="afterEveryTestEnds(org.testng.ITestResult,java.lang.reflect.Method)[pri:0, instance:com.gomechanic.Tests.AddACServicePlanToCartTest@fa49800]" started-at="2021-07-05T23:20:18 IST" name="afterEveryTestEnds" finished-at="2021-07-05T23:20:20 IST" duration-ms="2607" status="PASS">
          <params>
            <param index="0">
              <value>
                <![CDATA[[TestResult name=selectRegularACServicePlan status=FAILURE method=AddACServicePlanToCartTest.selectRegularACServicePlan(java.lang.reflect.Method)[pri:0, instance:com.gomechanic.Tests.AddACServicePlanToCartTest@fa49800] output={null}]]]>
              </value>
            </param>
            <param index="1">
              <value>
                <![CDATA[public void com.gomechanic.Tests.AddACServicePlanToCartTest.selectRegularACServicePlan(java.lang.reflect.Method) throws java.lang.InterruptedException]]>
              </value>
            </param>
          </params>
          <reporter-output>
          </reporter-output>
        </test-method> <!-- afterEveryTestEnds -->
      </class> <!-- com.gomechanic.Tests.AddACServicePlanToCartTest -->
    </test> <!-- Default test -->
  </suite> <!-- Default suite -->
</testng-results>
